<?xml version="1.0" encoding="UTF-8"?>
<!-- Generated by org.testng.reporters.JUnitReportReporter -->
<testsuite skipped="0" hostname="DESKTOP-5L5OFSR" name="SeleniumUnix.SeleniumTest" tests="1" failures="0" timestamp="22 Sep 2020 10:13:06 GMT" time="32.454" errors="0">
  <testcase name="test" time="32.454" classname="SeleniumUnix.SeleniumTest"/>
</testsuite> <!-- SeleniumUnix.SeleniumTest -->
